<?xml version="1.0" encoding="UTF-8"?>
<!-- Generated by org.testng.reporters.JUnitReportReporter -->
<testsuite hostname="Abi" failures="0" tests="4" name="com.testcases.OrangeHrmDataProvider" time="62.115" errors="0" timestamp="2020-04-23T18:25:20 MST" skipped="0">
  <testcase classname="com.testcases.OrangeHrmDataProvider" name="OrangeHrm" time="15.164"/>
  <system-out/>
  <testcase classname="com.testcases.OrangeHrmDataProvider" name="OrangeHrm" time="15.059"/>
  <system-out/>
  <testcase classname="com.testcases.OrangeHrmDataProvider" name="OrangeHrm" time="16.363"/>
  <system-out/>
  <testcase classname="com.testcases.OrangeHrmDataProvider" name="OrangeHrm" time="15.529"/>
  <system-out/>
</testsuite> <!-- com.testcases.OrangeHrmDataProvider -->
