<?xml version="1.0" encoding="UTF-8"?>
<!-- Generated by org.testng.reporters.JUnitReportReporter -->
<testsuite hostname="Abi" failures="0" tests="3" name="com.testcases.ParameterizewithDataProvider" time="57.986" errors="0" timestamp="2020-04-23T10:48:09 MST" skipped="0">
  <testcase classname="com.testcases.ParameterizewithDataProvider" name="LoginToFacebook" time="20.198"/>
  <system-out/>
  <testcase classname="com.testcases.ParameterizewithDataProvider" name="LoginToFacebook" time="20.387"/>
  <system-out/>
  <testcase classname="com.testcases.ParameterizewithDataProvider" name="LoginToFacebook" time="17.401"/>
  <system-out/>
</testsuite> <!-- com.testcases.ParameterizewithDataProvider -->
